{
"/Users/dimaslz/Documents/vagrant/lemp/www/sites/github/ng2-notify/public/app/directives/ng2-notify.js":{"path":"/Users/dimaslz/Documents/vagrant/lemp/www/sites/github/ng2-notify/public/app/directives/ng2-notify.js","s":{"1":1,"2":1,"3":1,"4":1,"5":0,"6":0,"7":0,"8":1,"9":1,"10":1,"11":1,"12":1,"13":1,"14":1,"15":1,"16":7,"17":7,"18":7,"19":7,"20":0,"21":7,"22":1,"23":5,"24":5,"25":1,"26":1,"27":1,"28":1,"29":5,"30":5,"31":5,"32":5,"33":1,"34":1,"35":1},"b":{"1":[1,1,1],"2":[1,0],"3":[0,0],"4":[1,0],"5":[1,1],"6":[0,0],"7":[0,0],"8":[0,0],"9":[0,0],"10":[1,0,0],"11":[1,1,1],"12":[1,0],"13":[1,1]},"f":{"1":1,"2":1,"3":1,"4":7,"5":0,"6":5,"7":1,"8":1,"9":5},"fnMap":{"1":{"name":"(anonymous_1)","line":1,"loc":{"start":{"line":1,"column":46},"end":{"line":1,"column":87}}},"2":{"name":"(anonymous_2)","line":7,"loc":{"start":{"line":7,"column":46},"end":{"line":7,"column":62}}},"3":{"name":"(anonymous_3)","line":12,"loc":{"start":{"line":12,"column":17},"end":{"line":12,"column":29}}},"4":{"name":"Ng2Notify","line":13,"loc":{"start":{"line":13,"column":4},"end":{"line":13,"column":38}}},"5":{"name":"(anonymous_5)","line":17,"loc":{"start":{"line":17,"column":44},"end":{"line":17,"column":64}}},"6":{"name":"(anonymous_6)","line":23,"loc":{"start":{"line":23,"column":40},"end":{"line":23,"column":64}}},"7":{"name":"(anonymous_7)","line":25,"loc":{"start":{"line":25,"column":42},"end":{"line":25,"column":54}}},"8":{"name":"(anonymous_8)","line":27,"loc":{"start":{"line":27,"column":23},"end":{"line":27,"column":35}}},"9":{"name":"(anonymous_9)","line":32,"loc":{"start":{"line":32,"column":36},"end":{"line":32,"column":51}}}},"statementMap":{"1":{"start":{"line":1,"column":0},"end":{"line":6,"column":2}},"2":{"start":{"line":2,"column":4},"end":{"line":2,"column":129}},"3":{"start":{"line":3,"column":4},"end":{"line":4,"column":150}},"4":{"start":{"line":3,"column":79},"end":{"line":3,"column":131}},"5":{"start":{"line":4,"column":9},"end":{"line":4,"column":150}},"6":{"start":{"line":4,"column":58},"end":{"line":4,"column":150}},"7":{"start":{"line":4,"column":81},"end":{"line":4,"column":150}},"8":{"start":{"line":5,"column":4},"end":{"line":5,"column":66}},"9":{"start":{"line":7,"column":0},"end":{"line":9,"column":2}},"10":{"start":{"line":8,"column":4},"end":{"line":8,"column":109}},"11":{"start":{"line":8,"column":79},"end":{"line":8,"column":109}},"12":{"start":{"line":10,"column":0},"end":{"line":10,"column":38}},"13":{"start":{"line":11,"column":0},"end":{"line":11,"column":53}},"14":{"start":{"line":12,"column":0},"end":{"line":46,"column":5}},"15":{"start":{"line":13,"column":4},"end":{"line":21,"column":5}},"16":{"start":{"line":14,"column":8},"end":{"line":14,"column":25}},"17":{"start":{"line":15,"column":8},"end":{"line":15,"column":43}},"18":{"start":{"line":16,"column":8},"end":{"line":16,"column":27}},"19":{"start":{"line":17,"column":8},"end":{"line":19,"column":11}},"20":{"start":{"line":18,"column":12},"end":{"line":18,"column":38}},"21":{"start":{"line":20,"column":8},"end":{"line":20,"column":32}},"22":{"start":{"line":23,"column":4},"end":{"line":31,"column":6}},"23":{"start":{"line":24,"column":8},"end":{"line":24,"column":25}},"24":{"start":{"line":25,"column":8},"end":{"line":30,"column":31}},"25":{"start":{"line":26,"column":12},"end":{"line":26,"column":55}},"26":{"start":{"line":27,"column":12},"end":{"line":29,"column":20}},"27":{"start":{"line":28,"column":16},"end":{"line":28,"column":44}},"28":{"start":{"line":32,"column":4},"end":{"line":37,"column":6}},"29":{"start":{"line":33,"column":8},"end":{"line":33,"column":26}},"30":{"start":{"line":34,"column":8},"end":{"line":34,"column":33}},"31":{"start":{"line":35,"column":8},"end":{"line":35,"column":37}},"32":{"start":{"line":36,"column":8},"end":{"line":36,"column":32}},"33":{"start":{"line":38,"column":4},"end":{"line":44,"column":18}},"34":{"start":{"line":45,"column":4},"end":{"line":45,"column":21}},"35":{"start":{"line":47,"column":0},"end":{"line":47,"column":30}}},"branchMap":{"1":{"line":1,"type":"binary-expr","locations":[{"start":{"line":1,"column":18},"end":{"line":1,"column":22}},{"start":{"line":1,"column":26},"end":{"line":1,"column":41}},{"start":{"line":1,"column":46},"end":{"line":6,"column":1}}]},"2":{"line":2,"type":"cond-expr","locations":[{"start":{"line":2,"column":42},"end":{"line":2,"column":48}},{"start":{"line":2,"column":51},"end":{"line":2,"column":125}}]},"3":{"line":2,"type":"cond-expr","locations":[{"start":{"line":2,"column":67},"end":{"line":2,"column":118}},{"start":{"line":2,"column":121},"end":{"line":2,"column":125}}]},"4":{"line":3,"type":"if","locations":[{"start":{"line":3,"column":4},"end":{"line":3,"column":4}},{"start":{"line":3,"column":4},"end":{"line":3,"column":4}}]},"5":{"line":3,"type":"binary-expr","locations":[{"start":{"line":3,"column":8},"end":{"line":3,"column":35}},{"start":{"line":3,"column":39},"end":{"line":3,"column":77}}]},"6":{"line":4,"type":"if","locations":[{"start":{"line":4,"column":58},"end":{"line":4,"column":58}},{"start":{"line":4,"column":58},"end":{"line":4,"column":58}}]},"7":{"line":4,"type":"binary-expr","locations":[{"start":{"line":4,"column":86},"end":{"line":4,"column":143}},{"start":{"line":4,"column":148},"end":{"line":4,"column":149}}]},"8":{"line":4,"type":"cond-expr","locations":[{"start":{"line":4,"column":94},"end":{"line":4,"column":98}},{"start":{"line":4,"column":101},"end":{"line":4,"column":143}}]},"9":{"line":4,"type":"cond-expr","locations":[{"start":{"line":4,"column":109},"end":{"line":4,"column":126}},{"start":{"line":4,"column":129},"end":{"line":4,"column":143}}]},"10":{"line":5,"type":"binary-expr","locations":[{"start":{"line":5,"column":11},"end":{"line":5,"column":16}},{"start":{"line":5,"column":20},"end":{"line":5,"column":21}},{"start":{"line":5,"column":25},"end":{"line":5,"column":62}}]},"11":{"line":7,"type":"binary-expr","locations":[{"start":{"line":7,"column":18},"end":{"line":7,"column":22}},{"start":{"line":7,"column":26},"end":{"line":7,"column":41}},{"start":{"line":7,"column":46},"end":{"line":9,"column":1}}]},"12":{"line":8,"type":"if","locations":[{"start":{"line":8,"column":4},"end":{"line":8,"column":4}},{"start":{"line":8,"column":4},"end":{"line":8,"column":4}}]},"13":{"line":8,"type":"binary-expr","locations":[{"start":{"line":8,"column":8},"end":{"line":8,"column":35}},{"start":{"line":8,"column":39},"end":{"line":8,"column":77}}]}},"l":{"1":1,"2":1,"3":1,"4":0,"5":1,"7":1,"8":1,"10":1,"11":1,"12":1,"13":1,"14":7,"15":7,"16":7,"17":7,"18":0,"20":7,"23":1,"24":5,"25":5,"26":1,"27":1,"28":1,"32":1,"33":5,"34":5,"35":5,"36":5,"38":1,"45":1,"47":1}},
"/Users/dimaslz/Documents/vagrant/lemp/www/sites/github/ng2-notify/public/app/services/ng2-notify.js":{"path":"/Users/dimaslz/Documents/vagrant/lemp/www/sites/github/ng2-notify/public/app/services/ng2-notify.js","s":{"1":1,"2":1,"3":1,"4":1,"5":0,"6":0,"7":0,"8":1,"9":1,"10":1,"11":1,"12":1,"13":1,"14":1,"15":1,"16":1,"17":1,"18":2,"19":2,"20":2,"21":2,"22":2,"23":1,"24":1,"25":2,"26":1,"27":1,"28":1,"29":1,"30":1,"31":0,"32":1,"33":4,"34":2,"35":4,"36":2,"37":4,"38":4,"39":1,"40":1,"41":1},"b":{"1":[1,1,1],"2":[1,0],"3":[0,0],"4":[1,0],"5":[1,1],"6":[0,0],"7":[0,0],"8":[0,0],"9":[0,0],"10":[1,0,0],"11":[1,1,1],"12":[1,0],"13":[1,1],"14":[1,1],"15":[1,0],"16":[1,1],"17":[0,0],"18":[0,0],"19":[2,2],"20":[2,2],"21":[4,0],"22":[4,0]},"f":{"1":1,"2":1,"3":1,"4":2,"5":1,"6":2,"7":4},"fnMap":{"1":{"name":"(anonymous_1)","line":1,"loc":{"start":{"line":1,"column":46},"end":{"line":1,"column":87}}},"2":{"name":"(anonymous_2)","line":7,"loc":{"start":{"line":7,"column":46},"end":{"line":7,"column":62}}},"3":{"name":"(anonymous_3)","line":14,"loc":{"start":{"line":14,"column":24},"end":{"line":14,"column":36}}},"4":{"name":"Ng2NotifyService","line":15,"loc":{"start":{"line":15,"column":4},"end":{"line":15,"column":32}}},"5":{"name":"(anonymous_5)","line":20,"loc":{"start":{"line":20,"column":50},"end":{"line":20,"column":70}}},"6":{"name":"(anonymous_6)","line":23,"loc":{"start":{"line":23,"column":38},"end":{"line":23,"column":62}}},"7":{"name":"(anonymous_7)","line":39,"loc":{"start":{"line":39,"column":40},"end":{"line":39,"column":58}}}},"statementMap":{"1":{"start":{"line":1,"column":0},"end":{"line":6,"column":2}},"2":{"start":{"line":2,"column":4},"end":{"line":2,"column":129}},"3":{"start":{"line":3,"column":4},"end":{"line":4,"column":150}},"4":{"start":{"line":3,"column":79},"end":{"line":3,"column":131}},"5":{"start":{"line":4,"column":9},"end":{"line":4,"column":150}},"6":{"start":{"line":4,"column":58},"end":{"line":4,"column":150}},"7":{"start":{"line":4,"column":81},"end":{"line":4,"column":150}},"8":{"start":{"line":5,"column":4},"end":{"line":5,"column":66}},"9":{"start":{"line":7,"column":0},"end":{"line":9,"column":2}},"10":{"start":{"line":8,"column":4},"end":{"line":8,"column":109}},"11":{"start":{"line":8,"column":79},"end":{"line":8,"column":109}},"12":{"start":{"line":10,"column":0},"end":{"line":10,"column":38}},"13":{"start":{"line":11,"column":0},"end":{"line":11,"column":46}},"14":{"start":{"line":12,"column":0},"end":{"line":12,"column":35}},"15":{"start":{"line":13,"column":0},"end":{"line":13,"column":33}},"16":{"start":{"line":14,"column":0},"end":{"line":54,"column":5}},"17":{"start":{"line":15,"column":4},"end":{"line":21,"column":5}},"18":{"start":{"line":16,"column":8},"end":{"line":16,"column":25}},"19":{"start":{"line":17,"column":8},"end":{"line":17,"column":37}},"20":{"start":{"line":18,"column":8},"end":{"line":18,"column":26}},"21":{"start":{"line":19,"column":8},"end":{"line":19,"column":86}},"22":{"start":{"line":20,"column":8},"end":{"line":20,"column":123}},"23":{"start":{"line":20,"column":72},"end":{"line":20,"column":111}},"24":{"start":{"line":23,"column":4},"end":{"line":38,"column":6}},"25":{"start":{"line":24,"column":8},"end":{"line":27,"column":9}},"26":{"start":{"line":25,"column":12},"end":{"line":25,"column":73}},"27":{"start":{"line":26,"column":12},"end":{"line":26,"column":25}},"28":{"start":{"line":28,"column":8},"end":{"line":31,"column":9}},"29":{"start":{"line":29,"column":12},"end":{"line":29,"column":101}},"30":{"start":{"line":30,"column":12},"end":{"line":30,"column":25}},"31":{"start":{"line":32,"column":8},"end":{"line":37,"column":11}},"32":{"start":{"line":39,"column":4},"end":{"line":48,"column":6}},"33":{"start":{"line":40,"column":8},"end":{"line":42,"column":9}},"34":{"start":{"line":41,"column":12},"end":{"line":41,"column":99}},"35":{"start":{"line":43,"column":8},"end":{"line":45,"column":9}},"36":{"start":{"line":44,"column":12},"end":{"line":44,"column":101}},"37":{"start":{"line":46,"column":8},"end":{"line":46,"column":54}},"38":{"start":{"line":47,"column":8},"end":{"line":47,"column":48}},"39":{"start":{"line":49,"column":4},"end":{"line":52,"column":25}},"40":{"start":{"line":53,"column":4},"end":{"line":53,"column":28}},"41":{"start":{"line":55,"column":0},"end":{"line":55,"column":44}}},"branchMap":{"1":{"line":1,"type":"binary-expr","locations":[{"start":{"line":1,"column":18},"end":{"line":1,"column":22}},{"start":{"line":1,"column":26},"end":{"line":1,"column":41}},{"start":{"line":1,"column":46},"end":{"line":6,"column":1}}]},"2":{"line":2,"type":"cond-expr","locations":[{"start":{"line":2,"column":42},"end":{"line":2,"column":48}},{"start":{"line":2,"column":51},"end":{"line":2,"column":125}}]},"3":{"line":2,"type":"cond-expr","locations":[{"start":{"line":2,"column":67},"end":{"line":2,"column":118}},{"start":{"line":2,"column":121},"end":{"line":2,"column":125}}]},"4":{"line":3,"type":"if","locations":[{"start":{"line":3,"column":4},"end":{"line":3,"column":4}},{"start":{"line":3,"column":4},"end":{"line":3,"column":4}}]},"5":{"line":3,"type":"binary-expr","locations":[{"start":{"line":3,"column":8},"end":{"line":3,"column":35}},{"start":{"line":3,"column":39},"end":{"line":3,"column":77}}]},"6":{"line":4,"type":"if","locations":[{"start":{"line":4,"column":58},"end":{"line":4,"column":58}},{"start":{"line":4,"column":58},"end":{"line":4,"column":58}}]},"7":{"line":4,"type":"binary-expr","locations":[{"start":{"line":4,"column":86},"end":{"line":4,"column":143}},{"start":{"line":4,"column":148},"end":{"line":4,"column":149}}]},"8":{"line":4,"type":"cond-expr","locations":[{"start":{"line":4,"column":94},"end":{"line":4,"column":98}},{"start":{"line":4,"column":101},"end":{"line":4,"column":143}}]},"9":{"line":4,"type":"cond-expr","locations":[{"start":{"line":4,"column":109},"end":{"line":4,"column":126}},{"start":{"line":4,"column":129},"end":{"line":4,"column":143}}]},"10":{"line":5,"type":"binary-expr","locations":[{"start":{"line":5,"column":11},"end":{"line":5,"column":16}},{"start":{"line":5,"column":20},"end":{"line":5,"column":21}},{"start":{"line":5,"column":25},"end":{"line":5,"column":62}}]},"11":{"line":7,"type":"binary-expr","locations":[{"start":{"line":7,"column":18},"end":{"line":7,"column":22}},{"start":{"line":7,"column":26},"end":{"line":7,"column":41}},{"start":{"line":7,"column":46},"end":{"line":9,"column":1}}]},"12":{"line":8,"type":"if","locations":[{"start":{"line":8,"column":4},"end":{"line":8,"column":4}},{"start":{"line":8,"column":4},"end":{"line":8,"column":4}}]},"13":{"line":8,"type":"binary-expr","locations":[{"start":{"line":8,"column":8},"end":{"line":8,"column":35}},{"start":{"line":8,"column":39},"end":{"line":8,"column":77}}]},"14":{"line":24,"type":"if","locations":[{"start":{"line":24,"column":8},"end":{"line":24,"column":8}},{"start":{"line":24,"column":8},"end":{"line":24,"column":8}}]},"15":{"line":28,"type":"if","locations":[{"start":{"line":28,"column":8},"end":{"line":28,"column":8}},{"start":{"line":28,"column":8},"end":{"line":28,"column":8}}]},"16":{"line":28,"type":"binary-expr","locations":[{"start":{"line":28,"column":12},"end":{"line":28,"column":24}},{"start":{"line":28,"column":28},"end":{"line":28,"column":49}}]},"17":{"line":35,"type":"cond-expr","locations":[{"start":{"line":35,"column":36},"end":{"line":35,"column":49}},{"start":{"line":35,"column":52},"end":{"line":35,"column":63}}]},"18":{"line":36,"type":"cond-expr","locations":[{"start":{"line":36,"column":34},"end":{"line":36,"column":46}},{"start":{"line":36,"column":49},"end":{"line":36,"column":59}}]},"19":{"line":40,"type":"if","locations":[{"start":{"line":40,"column":8},"end":{"line":40,"column":8}},{"start":{"line":40,"column":8},"end":{"line":40,"column":8}}]},"20":{"line":43,"type":"if","locations":[{"start":{"line":43,"column":8},"end":{"line":43,"column":8}},{"start":{"line":43,"column":8},"end":{"line":43,"column":8}}]},"21":{"line":46,"type":"binary-expr","locations":[{"start":{"line":46,"column":22},"end":{"line":46,"column":35}},{"start":{"line":46,"column":39},"end":{"line":46,"column":53}}]},"22":{"line":47,"type":"binary-expr","locations":[{"start":{"line":47,"column":21},"end":{"line":47,"column":33}},{"start":{"line":47,"column":37},"end":{"line":47,"column":47}}]}},"l":{"1":1,"2":1,"3":1,"4":0,"5":1,"7":1,"8":1,"10":1,"11":1,"12":1,"13":1,"14":1,"15":1,"16":2,"17":2,"18":2,"19":2,"20":2,"23":1,"24":2,"25":1,"26":1,"28":1,"29":1,"30":1,"32":0,"39":1,"40":4,"41":2,"43":4,"44":2,"46":4,"47":4,"49":1,"53":1,"55":1}}}
