{
"/Users/dimaslz/Documents/vagrant/lemp/www/sites/github/ng2-notify/public/app/directives/ng2-notify.js":{"path":"/Users/dimaslz/Documents/vagrant/lemp/www/sites/github/ng2-notify/public/app/directives/ng2-notify.js","s":{"1":1,"2":1,"3":1,"4":1,"5":0,"6":0,"7":0,"8":1,"9":1,"10":1,"11":1,"12":1,"13":1,"14":1,"15":1,"16":7,"17":7,"18":7,"19":7,"20":0,"21":7,"22":1,"23":5,"24":5,"25":1,"26":1,"27":1,"28":1,"29":5,"30":5,"31":5,"32":5,"33":1,"34":1,"35":1},"b":{"1":[1,1,1],"2":[1,0],"3":[0,0],"4":[1,0],"5":[1,1],"6":[0,0],"7":[0,0],"8":[0,0],"9":[0,0],"10":[1,0,0],"11":[1,1,1],"12":[1,0],"13":[1,1]},"f":{"1":1,"2":1,"3":1,"4":7,"5":0,"6":5,"7":1,"8":1,"9":5},"fnMap":{"1":{"name":"(anonymous_1)","line":2,"loc":{"start":{"line":2,"column":46},"end":{"line":2,"column":87}}},"2":{"name":"(anonymous_2)","line":8,"loc":{"start":{"line":8,"column":46},"end":{"line":8,"column":62}}},"3":{"name":"(anonymous_3)","line":13,"loc":{"start":{"line":13,"column":17},"end":{"line":13,"column":29}}},"4":{"name":"Ng2Notify","line":14,"loc":{"start":{"line":14,"column":4},"end":{"line":14,"column":38}}},"5":{"name":"(anonymous_5)","line":18,"loc":{"start":{"line":18,"column":44},"end":{"line":18,"column":64}}},"6":{"name":"(anonymous_6)","line":24,"loc":{"start":{"line":24,"column":40},"end":{"line":24,"column":64}}},"7":{"name":"(anonymous_7)","line":26,"loc":{"start":{"line":26,"column":42},"end":{"line":26,"column":54}}},"8":{"name":"(anonymous_8)","line":28,"loc":{"start":{"line":28,"column":23},"end":{"line":28,"column":35}}},"9":{"name":"(anonymous_9)","line":33,"loc":{"start":{"line":33,"column":36},"end":{"line":33,"column":51}}}},"statementMap":{"1":{"start":{"line":2,"column":0},"end":{"line":7,"column":2}},"2":{"start":{"line":3,"column":4},"end":{"line":3,"column":129}},"3":{"start":{"line":4,"column":4},"end":{"line":5,"column":150}},"4":{"start":{"line":4,"column":79},"end":{"line":4,"column":131}},"5":{"start":{"line":5,"column":9},"end":{"line":5,"column":150}},"6":{"start":{"line":5,"column":58},"end":{"line":5,"column":150}},"7":{"start":{"line":5,"column":81},"end":{"line":5,"column":150}},"8":{"start":{"line":6,"column":4},"end":{"line":6,"column":66}},"9":{"start":{"line":8,"column":0},"end":{"line":10,"column":2}},"10":{"start":{"line":9,"column":4},"end":{"line":9,"column":109}},"11":{"start":{"line":9,"column":79},"end":{"line":9,"column":109}},"12":{"start":{"line":11,"column":0},"end":{"line":11,"column":38}},"13":{"start":{"line":12,"column":0},"end":{"line":12,"column":53}},"14":{"start":{"line":13,"column":0},"end":{"line":47,"column":5}},"15":{"start":{"line":14,"column":4},"end":{"line":22,"column":5}},"16":{"start":{"line":15,"column":8},"end":{"line":15,"column":25}},"17":{"start":{"line":16,"column":8},"end":{"line":16,"column":43}},"18":{"start":{"line":17,"column":8},"end":{"line":17,"column":27}},"19":{"start":{"line":18,"column":8},"end":{"line":20,"column":11}},"20":{"start":{"line":19,"column":12},"end":{"line":19,"column":38}},"21":{"start":{"line":21,"column":8},"end":{"line":21,"column":32}},"22":{"start":{"line":24,"column":4},"end":{"line":32,"column":6}},"23":{"start":{"line":25,"column":8},"end":{"line":25,"column":25}},"24":{"start":{"line":26,"column":8},"end":{"line":31,"column":31}},"25":{"start":{"line":27,"column":12},"end":{"line":27,"column":55}},"26":{"start":{"line":28,"column":12},"end":{"line":30,"column":20}},"27":{"start":{"line":29,"column":16},"end":{"line":29,"column":44}},"28":{"start":{"line":33,"column":4},"end":{"line":38,"column":6}},"29":{"start":{"line":34,"column":8},"end":{"line":34,"column":26}},"30":{"start":{"line":35,"column":8},"end":{"line":35,"column":33}},"31":{"start":{"line":36,"column":8},"end":{"line":36,"column":37}},"32":{"start":{"line":37,"column":8},"end":{"line":37,"column":32}},"33":{"start":{"line":39,"column":4},"end":{"line":45,"column":18}},"34":{"start":{"line":46,"column":4},"end":{"line":46,"column":21}},"35":{"start":{"line":48,"column":0},"end":{"line":48,"column":30}}},"branchMap":{"1":{"line":2,"type":"binary-expr","locations":[{"start":{"line":2,"column":18},"end":{"line":2,"column":22}},{"start":{"line":2,"column":26},"end":{"line":2,"column":41}},{"start":{"line":2,"column":46},"end":{"line":7,"column":1}}]},"2":{"line":3,"type":"cond-expr","locations":[{"start":{"line":3,"column":42},"end":{"line":3,"column":48}},{"start":{"line":3,"column":51},"end":{"line":3,"column":125}}]},"3":{"line":3,"type":"cond-expr","locations":[{"start":{"line":3,"column":67},"end":{"line":3,"column":118}},{"start":{"line":3,"column":121},"end":{"line":3,"column":125}}]},"4":{"line":4,"type":"if","locations":[{"start":{"line":4,"column":4},"end":{"line":4,"column":4}},{"start":{"line":4,"column":4},"end":{"line":4,"column":4}}]},"5":{"line":4,"type":"binary-expr","locations":[{"start":{"line":4,"column":8},"end":{"line":4,"column":35}},{"start":{"line":4,"column":39},"end":{"line":4,"column":77}}]},"6":{"line":5,"type":"if","locations":[{"start":{"line":5,"column":58},"end":{"line":5,"column":58}},{"start":{"line":5,"column":58},"end":{"line":5,"column":58}}]},"7":{"line":5,"type":"binary-expr","locations":[{"start":{"line":5,"column":86},"end":{"line":5,"column":143}},{"start":{"line":5,"column":148},"end":{"line":5,"column":149}}]},"8":{"line":5,"type":"cond-expr","locations":[{"start":{"line":5,"column":94},"end":{"line":5,"column":98}},{"start":{"line":5,"column":101},"end":{"line":5,"column":143}}]},"9":{"line":5,"type":"cond-expr","locations":[{"start":{"line":5,"column":109},"end":{"line":5,"column":126}},{"start":{"line":5,"column":129},"end":{"line":5,"column":143}}]},"10":{"line":6,"type":"binary-expr","locations":[{"start":{"line":6,"column":11},"end":{"line":6,"column":16}},{"start":{"line":6,"column":20},"end":{"line":6,"column":21}},{"start":{"line":6,"column":25},"end":{"line":6,"column":62}}]},"11":{"line":8,"type":"binary-expr","locations":[{"start":{"line":8,"column":18},"end":{"line":8,"column":22}},{"start":{"line":8,"column":26},"end":{"line":8,"column":41}},{"start":{"line":8,"column":46},"end":{"line":10,"column":1}}]},"12":{"line":9,"type":"if","locations":[{"start":{"line":9,"column":4},"end":{"line":9,"column":4}},{"start":{"line":9,"column":4},"end":{"line":9,"column":4}}]},"13":{"line":9,"type":"binary-expr","locations":[{"start":{"line":9,"column":8},"end":{"line":9,"column":35}},{"start":{"line":9,"column":39},"end":{"line":9,"column":77}}]}},"l":{"2":1,"3":1,"4":1,"5":0,"6":1,"8":1,"9":1,"11":1,"12":1,"13":1,"14":1,"15":7,"16":7,"17":7,"18":7,"19":0,"21":7,"24":1,"25":5,"26":5,"27":1,"28":1,"29":1,"33":1,"34":5,"35":5,"36":5,"37":5,"39":1,"46":1,"48":1}},
"/Users/dimaslz/Documents/vagrant/lemp/www/sites/github/ng2-notify/public/app/services/ng2-notify.js":{"path":"/Users/dimaslz/Documents/vagrant/lemp/www/sites/github/ng2-notify/public/app/services/ng2-notify.js","s":{"1":1,"2":1,"3":1,"4":1,"5":0,"6":0,"7":0,"8":1,"9":1,"10":1,"11":1,"12":1,"13":1,"14":1,"15":1,"16":1,"17":1,"18":2,"19":2,"20":2,"21":2,"22":2,"23":1,"24":1,"25":2,"26":1,"27":1,"28":1,"29":1,"30":1,"31":0,"32":1,"33":4,"34":2,"35":4,"36":2,"37":4,"38":4,"39":1,"40":1,"41":1},"b":{"1":[1,1,1],"2":[1,0],"3":[0,0],"4":[1,0],"5":[1,1],"6":[0,0],"7":[0,0],"8":[0,0],"9":[0,0],"10":[1,0,0],"11":[1,1,1],"12":[1,0],"13":[1,1],"14":[1,1],"15":[1,0],"16":[1,1],"17":[0,0],"18":[0,0],"19":[2,2],"20":[2,2],"21":[4,0],"22":[4,0]},"f":{"1":1,"2":1,"3":1,"4":2,"5":1,"6":2,"7":4},"fnMap":{"1":{"name":"(anonymous_1)","line":2,"loc":{"start":{"line":2,"column":46},"end":{"line":2,"column":87}}},"2":{"name":"(anonymous_2)","line":8,"loc":{"start":{"line":8,"column":46},"end":{"line":8,"column":62}}},"3":{"name":"(anonymous_3)","line":15,"loc":{"start":{"line":15,"column":24},"end":{"line":15,"column":36}}},"4":{"name":"Ng2NotifyService","line":16,"loc":{"start":{"line":16,"column":4},"end":{"line":16,"column":32}}},"5":{"name":"(anonymous_5)","line":21,"loc":{"start":{"line":21,"column":50},"end":{"line":21,"column":70}}},"6":{"name":"(anonymous_6)","line":24,"loc":{"start":{"line":24,"column":38},"end":{"line":24,"column":62}}},"7":{"name":"(anonymous_7)","line":40,"loc":{"start":{"line":40,"column":40},"end":{"line":40,"column":58}}}},"statementMap":{"1":{"start":{"line":2,"column":0},"end":{"line":7,"column":2}},"2":{"start":{"line":3,"column":4},"end":{"line":3,"column":129}},"3":{"start":{"line":4,"column":4},"end":{"line":5,"column":150}},"4":{"start":{"line":4,"column":79},"end":{"line":4,"column":131}},"5":{"start":{"line":5,"column":9},"end":{"line":5,"column":150}},"6":{"start":{"line":5,"column":58},"end":{"line":5,"column":150}},"7":{"start":{"line":5,"column":81},"end":{"line":5,"column":150}},"8":{"start":{"line":6,"column":4},"end":{"line":6,"column":66}},"9":{"start":{"line":8,"column":0},"end":{"line":10,"column":2}},"10":{"start":{"line":9,"column":4},"end":{"line":9,"column":109}},"11":{"start":{"line":9,"column":79},"end":{"line":9,"column":109}},"12":{"start":{"line":11,"column":0},"end":{"line":11,"column":38}},"13":{"start":{"line":12,"column":0},"end":{"line":12,"column":46}},"14":{"start":{"line":13,"column":0},"end":{"line":13,"column":35}},"15":{"start":{"line":14,"column":0},"end":{"line":14,"column":33}},"16":{"start":{"line":15,"column":0},"end":{"line":55,"column":5}},"17":{"start":{"line":16,"column":4},"end":{"line":22,"column":5}},"18":{"start":{"line":17,"column":8},"end":{"line":17,"column":25}},"19":{"start":{"line":18,"column":8},"end":{"line":18,"column":37}},"20":{"start":{"line":19,"column":8},"end":{"line":19,"column":26}},"21":{"start":{"line":20,"column":8},"end":{"line":20,"column":86}},"22":{"start":{"line":21,"column":8},"end":{"line":21,"column":123}},"23":{"start":{"line":21,"column":72},"end":{"line":21,"column":111}},"24":{"start":{"line":24,"column":4},"end":{"line":39,"column":6}},"25":{"start":{"line":25,"column":8},"end":{"line":28,"column":9}},"26":{"start":{"line":26,"column":12},"end":{"line":26,"column":73}},"27":{"start":{"line":27,"column":12},"end":{"line":27,"column":25}},"28":{"start":{"line":29,"column":8},"end":{"line":32,"column":9}},"29":{"start":{"line":30,"column":12},"end":{"line":30,"column":101}},"30":{"start":{"line":31,"column":12},"end":{"line":31,"column":25}},"31":{"start":{"line":33,"column":8},"end":{"line":38,"column":11}},"32":{"start":{"line":40,"column":4},"end":{"line":49,"column":6}},"33":{"start":{"line":41,"column":8},"end":{"line":43,"column":9}},"34":{"start":{"line":42,"column":12},"end":{"line":42,"column":99}},"35":{"start":{"line":44,"column":8},"end":{"line":46,"column":9}},"36":{"start":{"line":45,"column":12},"end":{"line":45,"column":101}},"37":{"start":{"line":47,"column":8},"end":{"line":47,"column":54}},"38":{"start":{"line":48,"column":8},"end":{"line":48,"column":48}},"39":{"start":{"line":50,"column":4},"end":{"line":53,"column":25}},"40":{"start":{"line":54,"column":4},"end":{"line":54,"column":28}},"41":{"start":{"line":56,"column":0},"end":{"line":56,"column":44}}},"branchMap":{"1":{"line":2,"type":"binary-expr","locations":[{"start":{"line":2,"column":18},"end":{"line":2,"column":22}},{"start":{"line":2,"column":26},"end":{"line":2,"column":41}},{"start":{"line":2,"column":46},"end":{"line":7,"column":1}}]},"2":{"line":3,"type":"cond-expr","locations":[{"start":{"line":3,"column":42},"end":{"line":3,"column":48}},{"start":{"line":3,"column":51},"end":{"line":3,"column":125}}]},"3":{"line":3,"type":"cond-expr","locations":[{"start":{"line":3,"column":67},"end":{"line":3,"column":118}},{"start":{"line":3,"column":121},"end":{"line":3,"column":125}}]},"4":{"line":4,"type":"if","locations":[{"start":{"line":4,"column":4},"end":{"line":4,"column":4}},{"start":{"line":4,"column":4},"end":{"line":4,"column":4}}]},"5":{"line":4,"type":"binary-expr","locations":[{"start":{"line":4,"column":8},"end":{"line":4,"column":35}},{"start":{"line":4,"column":39},"end":{"line":4,"column":77}}]},"6":{"line":5,"type":"if","locations":[{"start":{"line":5,"column":58},"end":{"line":5,"column":58}},{"start":{"line":5,"column":58},"end":{"line":5,"column":58}}]},"7":{"line":5,"type":"binary-expr","locations":[{"start":{"line":5,"column":86},"end":{"line":5,"column":143}},{"start":{"line":5,"column":148},"end":{"line":5,"column":149}}]},"8":{"line":5,"type":"cond-expr","locations":[{"start":{"line":5,"column":94},"end":{"line":5,"column":98}},{"start":{"line":5,"column":101},"end":{"line":5,"column":143}}]},"9":{"line":5,"type":"cond-expr","locations":[{"start":{"line":5,"column":109},"end":{"line":5,"column":126}},{"start":{"line":5,"column":129},"end":{"line":5,"column":143}}]},"10":{"line":6,"type":"binary-expr","locations":[{"start":{"line":6,"column":11},"end":{"line":6,"column":16}},{"start":{"line":6,"column":20},"end":{"line":6,"column":21}},{"start":{"line":6,"column":25},"end":{"line":6,"column":62}}]},"11":{"line":8,"type":"binary-expr","locations":[{"start":{"line":8,"column":18},"end":{"line":8,"column":22}},{"start":{"line":8,"column":26},"end":{"line":8,"column":41}},{"start":{"line":8,"column":46},"end":{"line":10,"column":1}}]},"12":{"line":9,"type":"if","locations":[{"start":{"line":9,"column":4},"end":{"line":9,"column":4}},{"start":{"line":9,"column":4},"end":{"line":9,"column":4}}]},"13":{"line":9,"type":"binary-expr","locations":[{"start":{"line":9,"column":8},"end":{"line":9,"column":35}},{"start":{"line":9,"column":39},"end":{"line":9,"column":77}}]},"14":{"line":25,"type":"if","locations":[{"start":{"line":25,"column":8},"end":{"line":25,"column":8}},{"start":{"line":25,"column":8},"end":{"line":25,"column":8}}]},"15":{"line":29,"type":"if","locations":[{"start":{"line":29,"column":8},"end":{"line":29,"column":8}},{"start":{"line":29,"column":8},"end":{"line":29,"column":8}}]},"16":{"line":29,"type":"binary-expr","locations":[{"start":{"line":29,"column":12},"end":{"line":29,"column":24}},{"start":{"line":29,"column":28},"end":{"line":29,"column":49}}]},"17":{"line":36,"type":"cond-expr","locations":[{"start":{"line":36,"column":36},"end":{"line":36,"column":49}},{"start":{"line":36,"column":52},"end":{"line":36,"column":63}}]},"18":{"line":37,"type":"cond-expr","locations":[{"start":{"line":37,"column":34},"end":{"line":37,"column":46}},{"start":{"line":37,"column":49},"end":{"line":37,"column":59}}]},"19":{"line":41,"type":"if","locations":[{"start":{"line":41,"column":8},"end":{"line":41,"column":8}},{"start":{"line":41,"column":8},"end":{"line":41,"column":8}}]},"20":{"line":44,"type":"if","locations":[{"start":{"line":44,"column":8},"end":{"line":44,"column":8}},{"start":{"line":44,"column":8},"end":{"line":44,"column":8}}]},"21":{"line":47,"type":"binary-expr","locations":[{"start":{"line":47,"column":22},"end":{"line":47,"column":35}},{"start":{"line":47,"column":39},"end":{"line":47,"column":53}}]},"22":{"line":48,"type":"binary-expr","locations":[{"start":{"line":48,"column":21},"end":{"line":48,"column":33}},{"start":{"line":48,"column":37},"end":{"line":48,"column":47}}]}},"l":{"2":1,"3":1,"4":1,"5":0,"6":1,"8":1,"9":1,"11":1,"12":1,"13":1,"14":1,"15":1,"16":1,"17":2,"18":2,"19":2,"20":2,"21":2,"24":1,"25":2,"26":1,"27":1,"29":1,"30":1,"31":1,"33":0,"40":1,"41":4,"42":2,"44":4,"45":2,"47":4,"48":4,"50":1,"54":1,"56":1}}}
